,G_loss,D_loss,D_fake,D_real,GP,val_G_loss,val_D_loss,val_D_fake,val_D_real,val_GP
0,310.0998874879578,-594.3606033442443,-309.33713637107206,-357.8222102608541,72.7987432876819,415.86322583650286,62.747394494843064,-416.2171379223204,478.96453241716347,0.0
1,444.89737471793467,-107.57071373254351,-444.52615492737397,264.1091260595229,72.84631513530769,416.56330764502815,24.496005945038377,-416.64598485043166,441.1419907954701,0.0
2,431.91640583519796,-0.9838505518957248,-431.72341278965035,429.3301357232251,1.4094265145294875,423.8531984028064,4.5310216535601695,-424.32709061472036,428.8581122682807,0.0
3,427.5387151032975,-0.3224593610150143,-427.34369094996765,426.4916021847029,0.5296294042497005,423.2105442515592,3.044229072436951,-423.4041100217585,426.4483390941954,0.0
4,424.55073917722234,-0.6596238471278287,-424.31701571270105,423.32546490419264,0.3319269613805905,421.5641316196375,1.15992790356017,-421.78528983132884,422.94521773488884,0.0
5,421.1089567906648,-0.9281665383105718,-420.8943431965357,419.7046962404713,0.2614804177535969,419.7480899743866,-0.8841365345737391,-419.6588118703742,418.77467533580045,0.0
6,417.3732599054725,-1.0796561173733,-417.1497931323005,415.80041714270135,0.2697198722258355,414.1128984417832,-1.169818543551261,-414.03920304147834,412.8693844979269,0.0
7,412.62279606791367,-1.113722125882084,-412.4413741917286,411.0540907480183,0.27356131782809506,407.9492166084156,-0.6637822201377467,-407.76057889168715,407.0967966715496,0.0
8,405.84669835359153,-1.151726373422493,-405.6890388562841,404.2602381734015,0.27707430946016776,401.41521547551736,-3.2672349360951207,-401.56239934553184,398.2951644094367,0.0
9,395.2704909241315,-1.2465147307486208,-395.0537957645157,393.5075460489513,0.2997349848156994,387.7097109075178,-2.03741160610266,-387.6157103421396,385.5782987360369,0.0
10,383.68781569397566,-1.3329564829293674,-383.5606931223453,381.91907401964517,0.3086626197708753,375.5824303877982,-2.18617944550096,-375.8843402527926,373.69816080729174,0.0
11,368.7767308799967,-1.3842658875709022,-368.6129228906724,366.9094401239191,0.3192168791823595,364.51020598829837,-2.4980974699321545,-364.45492687559965,361.95682940566735,0.0
12,353.13585329518736,-1.4443263576158043,-352.9878131162773,351.24274306806547,0.3007436905960435,342.82949882641174,-3.7893395674856087,-342.82839323344984,339.0390536659642,0.0
13,337.57132091337036,-1.4142454738104806,-337.35286628204636,335.6617602894607,0.2768605187752293,328.8935153358861,-2.8419574938322367,-328.8653063857765,326.02334889194424,0.0
14,321.17191514691103,-1.4194405923045954,-320.9839161400656,319.29821146252084,0.26626408524015577,317.3719281648335,-3.674093413771245,-316.8336620665433,313.15956865277207,0.0
15,306.2618680787318,-1.450924815338792,-306.0260304571356,304.31200881513575,0.2630968266609803,300.2217629415947,-2.820858068633498,-300.16313653243213,297.34227846379866,0.0
16,293.5835448329889,-1.5014705196891016,-293.34000027850993,291.5747495484584,0.2637802103624761,290.3737822415536,-3.9249993039850612,-290.399145025956,286.47414572197096,0.0
17,281.8720120920718,-1.5233988602039883,-281.63690994410837,279.8538898060624,0.2596212778421282,274.27255784419543,-1.6778002287212168,-274.227295189573,272.54949496085186,0.0
18,271.48058726486653,-1.5108909087888536,-271.3000171253982,269.5434395799359,0.2456866366734493,268.42273484614856,-4.40213119774534,-268.4195013213576,264.01737012361224,0.0
19,263.0222556104938,-1.453038490552781,-262.7768487726601,261.09274988267026,0.2310603994369796,260.6283009847005,-2.309606451737253,-260.75340833162005,258.4438018798828,0.0
20,255.61201906667168,-1.5306047873336424,-255.3719317686211,253.60196977633882,0.2393572049486695,253.77089945475257,-3.89945716188665,-253.95219515081038,250.0527379889237,0.0
21,248.55816020780398,-1.4673415557924403,-248.2896816957344,246.59622706441047,0.2261130755315128,245.47189223975465,-1.3880012913754112,-245.41015517920778,244.02215388783242,0.0
22,243.18039962620412,-1.4576245165023118,-243.02617467491368,241.3529261172396,0.21562404117176254,239.8380299618369,-1.4157542178505345,-239.8764475772256,238.460693359375,0.0
23,236.6033005945891,-1.4560590107536433,-236.37242175352227,234.70234366111384,0.21401908165476846,233.5068506608929,-2.115425779108416,-233.63991921408126,231.52449343497287,0.0
24,230.49980548747536,-1.4112326612352455,-230.27237289576854,228.66195340943568,0.1991868250976199,227.51911618416767,-1.3998478671960664,-227.3985080384372,225.9986601712411,0.0
25,226.44299605286238,-1.3569668059716526,-226.28343962141608,224.74281943608258,0.18365337936189569,226.3026762845224,-2.5745255319695723,-226.21693179481912,223.6424062628495,0.0
26,221.36642900485438,-1.3185857812033115,-221.12436758985802,219.6188722184561,0.18690959019857706,218.58120540150426,-2.1132046883566336,-218.5582132172166,216.44500852886003,0.0
27,217.83349876033446,-1.3297169859367377,-217.61945516345568,216.1017453388103,0.18799283870866576,214.17354316042184,-1.0900019595497532,-214.20224721808185,213.1122452585321,0.0
28,213.5352100261207,-1.3053077655546006,-213.31299571805786,211.82728787024044,0.18040008226282966,212.15111742521583,-3.0234448616964773,-212.15071520889006,209.12727034719367,0.0
29,209.8104600628603,-1.291228882100397,-209.63499415129127,208.17499725934368,0.16876800984722898,210.23152388187881,-1.9172879938493688,-210.22146097819007,208.30417298434074,0.0
30,205.97240055417552,-1.251828568410671,-205.7707810929678,204.34630617308383,0.17264635147327936,201.69893325002568,0.01510231955009594,-201.87432352701825,201.8894258465683,0.0
31,202.14903170391202,-1.2381609432055678,-201.9063325159758,200.5021932213052,0.16597835146505566,202.27045949300134,-2.3037105359529195,-202.23834429289158,199.9346337569387,0.0
32,199.1432741776253,-1.262029086000928,-198.8887995599543,197.45697482210917,0.16979565184418727,193.94174569113213,0.11605634187397205,-193.7585537559108,193.8746100977848,0.0
33,195.7092046645081,-1.2092660370635466,-195.5077879229796,194.13944220681796,0.15907967909808876,192.6517292491177,-1.4985158819901316,-192.6679383662709,191.1694224842808,0.0
34,191.71310876642616,-1.2252297327175592,-191.48268579279335,190.09098301859734,0.16647304147843597,190.81360037284986,-1.496107536449767,-190.89502461751303,189.39891708106325,0.0
