,G_loss,D_loss,D_fake,D_real,GP,val_G_loss,val_D_loss,val_D_fake,val_D_real,val_GP
0,284.6484036769682,-478.2871908030735,-283.9822454055681,-208.57353935904843,14.268593961542964,958.2381474009732,-15.132351523951481,-958.3484159770765,943.216064453125,0.0
1,1678.1878973210898,-3116.2676981146765,-1678.4829343036538,-1514.5228009270236,76.73803711600095,2774.8282577782347,60.253981205455034,-2775.048956620066,2835.3029378255214,0.0
2,3480.504287275296,-6730.704893260239,-3482.9494121662624,-3389.707575027688,141.95209393371078,4995.448726185581,78.26334207099781,-4995.555030153509,5073.818372224507,0.0
3,6174.702067847391,-11411.001395631994,-6175.608296040656,-5776.884152014279,541.4910524229401,8002.0056709155715,-47.59070466694079,-7999.237810101426,7951.647105434485,0.0
4,8577.50357677867,-16953.392573583238,-8579.477836771845,-8386.952266478307,13.037529666909895,10421.968390213817,441.9729646381578,-10423.500316954496,10865.473281592653,0.0
5,11591.820601676274,-22898.139634050898,-11595.300628602852,-11308.520942050971,5.681936602916533,14155.649713884319,95.31872772752192,-14155.565738075658,14250.884465803181,0.0
6,13749.05419921875,-27231.5208366938,-13751.803660213138,-14511.946207050212,1032.2290305695487,18060.130807976973,-249.4091282894737,-18064.341659813595,17814.932531524122,0.0
7,18668.61217195085,-36865.44016511926,-18672.897002047936,-18200.16867889108,7.625515819753258,22421.41017338268,-15.811043722587721,-22419.49460320724,22403.68355948465,0.0
8,22818.359166413837,-44412.62305992744,-22812.742421685376,-22876.07742623635,1276.19678799429,21975.53553316886,-1915.3524533991226,-21981.27681263706,20065.92435923794,0.0
9,26536.048069629855,-53924.18015590061,-26548.325049302184,-27542.925694023066,167.07058742463008,33840.68188048246,-279.1066337719298,-33836.14915707237,33557.042523300435,0.0
10,34253.9318207676,-67487.10802323633,-34260.42374658677,-33234.077214805824,7.392938156266815,40531.182325932015,-57.875685307017534,-40525.79588130482,40467.92019599781,0.0
11,38561.4475310983,-75592.05274483023,-38530.84146503337,-39842.42568643811,2781.214406641247,33439.45154879386,-3012.601219846492,-33456.293105811405,30443.691885964912,0.0
12,39538.85406553398,-84219.50010551713,-39561.9018829642,-45351.84727700241,694.2490544495073,54394.24605948465,-110.84957510964912,-54402.576308936405,54291.726733826756,0.0
13,53922.33946450241,-106193.39210869872,-53930.154148968446,-52292.07675970874,28.838799978459924,62470.163342927626,103.8213747258772,-62465.89340049343,62569.7147752193,0.0
14,62738.30188106798,-123309.82956122613,-62747.3442657767,-60590.154080703884,27.6687852544692,72025.9294819079,398.40234375,-72023.74513432018,72422.14747807018,0.0
15,64118.93651395631,-127158.30923566356,-64113.03869462985,-67802.64523854673,4757.374697513024,80225.16988760965,-1235.6023163377192,-80225.72327302633,78990.12095668861,0.0
16,78463.00383040048,-154696.35410466653,-78472.93181887138,-76261.41439623786,37.99211044265228,90161.93270285089,335.8287417763158,-90155.86938048246,90491.69812225876,0.0
17,88748.68291110436,-174572.5692288232,-88759.19470570386,-85826.5111878034,13.13666468407344,101100.9137883772,330.13521107456137,-101100.39597039473,101430.5311814693,0.0
18,97522.87132129856,-179473.92502224102,-97551.07883040047,-92213.73254726373,10290.886355423232,104670.09457236844,-1487.3779468201749,-104648.02412280704,103160.64617598684,0.0
19,104248.06553398057,-207773.0581361641,-104261.9440003034,-103957.53252427184,446.41838841114236,119544.7732319079,-45.51082785087719,-119556.46148574562,119510.95065789473,0.0
20,115137.72022906554,-227720.1922114048,-115146.62805673546,-112614.34701911408,40.78286444469563,128712.89617598685,227.3849369517544,-128722.37239583331,128949.75733278508,0.0
21,125498.26638349515,-248430.3725155155,-125509.4020024272,-122943.68937348301,22.71886039474636,140627.75630482455,180.2945449561404,-140627.80290570177,140808.0974506579,0.0
22,137981.7411256068,-272913.22585877724,-137994.77047936892,-134941.28944174756,22.83406233926421,154407.95668859652,99.21258223684212,-154413.33566337722,154512.54824561405,0.0
23,148526.1608009709,-276217.4034419309,-148522.23420813106,-142555.8732979858,14860.704064185877,160408.11088267545,-1179.233552631579,-160407.31578947368,159228.0822368421,0.0
24,155456.7306583738,-311597.2524219846,-155472.5734223301,-156787.06955400485,662.3905543503253,177788.9239309211,-1176.8710252192982,-177802.29769736843,176625.42667214913,0.0
25,169775.86620145632,-336895.4350566234,-169787.69293082526,-167175.01691444175,67.27478864354995,189238.3669133772,229.93366228070167,-189244.26233552632,189474.19599780702,0.0
26,182497.18575546122,-362113.1625130153,-182510.53944174762,-179631.766717233,29.143645965242854,203106.15720942983,484.78536184210526,-203103.42297149124,203588.20833333328,0.0
27,197451.47360436886,-391449.3145531923,-197467.2391080097,-194023.51682342234,41.441378239752034,219968.00315241228,120.77192982456141,-219983.9239309211,220104.6958607456,0.0
28,212233.2967991505,-404612.5274145128,-212213.2170964805,-204630.55266136985,12231.24234333779,233772.5378289473,2481.6766721491226,-233778.75,236260.42667214913,0.0
29,225217.0840412621,-447116.0944291235,-225232.25602245145,-222095.67032766988,211.83192099784185,248858.37198464913,1422.335663377193,-248852.6332236842,250274.9688870614,0.0
30,239181.7183707525,-474986.0210209263,-239196.1727851941,-235824.15676577672,34.308530044555674,263982.2686403509,733.686677631579,-263977.24040570174,264710.92708333326,0.0
31,255331.15109223305,-506888.284838995,-255347.95271541266,-251593.9261832524,53.59405967008721,281696.9344846491,143.31304824561403,-281693.8404605263,281837.1535087719,0.0
32,273687.6527609223,-542632.240489432,-273705.4568567961,-269024.5096480583,97.72601542241364,300982.26398026315,474.6186951754385,-300971.61513157893,301446.23382675444,0.0
33,285610.9276395631,-426211.1564035471,-285652.1188106796,-177488.03601358653,36928.998420719035,312288.5285087719,4046.230811403509,-312290.9035087719,316337.13432017545,0.0
34,297764.86483616504,-591315.3992460603,-297777.65282160195,-293979.7149878641,441.9685634057499,325599.06825657893,1871.1000548245613,-325616.3396381579,327487.4396929825,0.0
